<?xml version="1.0" encoding="UTF-8"?>
<!-- Generated by org.testng.reporters.JUnitXMLReporter -->
<testsuite ignored="0" hostname="DESKTOP-8SHG8LJ" failures="0" tests="6" name="ChromeTest" time="122.627" errors="0" timestamp="2023-02-06T03:01:42 IST">
  <testcase classname="Test.FlipkartTest" name="loginPage" time="0.078"/>
  <testcase classname="Test.FlipkartTest" name="mouseHoverOnFashion" time="41.562"/>
  <testcase classname="Test.FlipkartTest" name="dragDrop" time="20.109"/>
  <testcase classname="Test.FlipkartTest" name="naviagation" time="11.312"/>
  <testcase classname="Test.FlipkartTest" name="switchWindows" time="13.044"/>
  <testcase classname="Test.FlipkartTest" name="naviagate" time="11.857"/>
</testsuite> <!-- ChromeTest -->
