<?xml version="1.0" encoding="UTF-8"?>
<!-- Generated by org.testng.reporters.JUnitXMLReporter -->
<testsuite ignored="0" hostname="DESKTOP-8SHG8LJ" failures="0" tests="2" name="FireFoxTest" time="0.025" errors="0" timestamp="2023-02-04T16:27:50 IST">
  <testcase classname="Test.FlipkartTest" name="loginPage" time="0.0">
    <skipped/>
  </testcase> <!-- loginPage -->
  <testcase classname="Test.FlipkartTest" name="mouseHoverOnFashion" time="0.0">
    <skipped/>
  </testcase> <!-- mouseHoverOnFashion -->
</testsuite> <!-- FireFoxTest -->
